# JRE version: Java(TM) SE Runtime Environment (8.0_25-b17) (build 1.8.0_25-b17)
# Java VM: Java HotSpot(TM) 64-Bit Server VM (25.25-b02 mixed mode bsd-amd64 compressed oops)
Heap:
 PSYoungGen      total 28160K, used 16349K [0x0000000795580000, 0x0000000797b80000, 0x00000007c0000000)
  eden space 27648K, 58% used [0x0000000795580000,0x0000000796557478,0x0000000797080000)
  from space 512K, 25% used [0x0000000797100000,0x0000000797120000,0x0000000797180000)
  to   space 5632K, 0% used [0x0000000797600000,0x0000000797600000,0x0000000797b80000)
 ParOldGen       total 87552K, used 4501K [0x0000000740000000, 0x0000000745580000, 0x0000000795580000)
  object space 87552K, 5% used [0x0000000740000000,0x00000007404654b0,0x0000000745580000)
 Metaspace       used 12601K, capacity 13008K, committed 13312K, reserved 1060864K
  class space    used 1624K, capacity 1730K, committed 1792K, reserved 1048576K
GC Heap History (10 events):
Event: 34.067 GC heap before
{Heap before GC invocations=11 (full 0):
 PSYoungGen      total 35840K, used 30368K [0x0000000795580000, 0x0000000797f00000, 0x00000007c0000000)
  eden space 30208K, 100% used [0x0000000795580000,0x0000000797300000,0x0000000797300000)
  from space 5632K, 2% used [0x0000000797980000,0x00000007979a8000,0x0000000797f00000)
  to   space 6144K, 0% used [0x0000000797300000,0x0000000797300000,0x0000000797900000)
 ParOldGen       total 87552K, used 4437K [0x0000000740000000, 0x0000000745580000, 0x0000000795580000)
  object space 87552K, 5% used [0x0000000740000000,0x00000007404554b0,0x0000000745580000)
 Metaspace       used 12549K, capacity 12978K, committed 13312K, reserved 1060864K
  class space    used 1618K, capacity 1723K, committed 1792K, reserved 1048576K
Event: 34.067 GC heap after
Heap after GC invocations=11 (full 0):
 PSYoungGen      total 30208K, used 96K [0x0000000795580000, 0x0000000797e80000, 0x00000007c0000000)
  eden space 29696K, 0% used [0x0000000795580000,0x0000000795580000,0x0000000797280000)
  from space 512K, 18% used [0x0000000797300000,0x0000000797318000,0x0000000797380000)
  to   space 6144K, 0% used [0x0000000797880000,0x0000000797880000,0x0000000797e80000)
 ParOldGen       total 87552K, used 4461K [0x0000000740000000, 0x0000000745580000, 0x0000000795580000)
  object space 87552K, 5% used [0x0000000740000000,0x000000074045b4b0,0x0000000745580000)
 Metaspace       used 12549K, capacity 12978K, committed 13312K, reserved 1060864K
  class space    used 1618K, capacity 1723K, committed 1792K, reserved 1048576K
}
Event: 35.098 GC heap before
{Heap before GC invocations=12 (full 0):
 PSYoungGen      total 30208K, used 29792K [0x0000000795580000, 0x0000000797e80000, 0x00000007c0000000)
  eden space 29696K, 100% used [0x0000000795580000,0x0000000797280000,0x0000000797280000)
  from space 512K, 18% used [0x0000000797300000,0x0000000797318000,0x0000000797380000)
  to   space 6144K, 0% used [0x0000000797880000,0x0000000797880000,0x0000000797e80000)
 ParOldGen       total 87552K, used 4461K [0x0000000740000000, 0x0000000745580000, 0x0000000795580000)
  object space 87552K, 5% used [0x0000000740000000,0x000000074045b4b0,0x0000000745580000)
 Metaspace       used 12549K, capacity 12978K, committed 13312K, reserved 1060864K
  class space    used 1618K, capacity 1723K, committed 1792K, reserved 1048576K
Event: 35.099 GC heap after
Heap after GC invocations=12 (full 0):
 PSYoungGen      total 34816K, used 96K [0x0000000795580000, 0x0000000797e00000, 0x00000007c0000000)
  eden space 29184K, 0% used [0x0000000795580000,0x0000000795580000,0x0000000797200000)
  from space 5632K, 1% used [0x0000000797880000,0x0000000797898000,0x0000000797e00000)
  to   space 6144K, 0% used [0x0000000797200000,0x0000000797200000,0x0000000797800000)
 ParOldGen       total 87552K, used 4461K [0x0000000740000000, 0x0000000745580000, 0x0000000795580000)
  object space 87552K, 5% used [0x0000000740000000,0x000000074045b4b0,0x0000000745580000)
 Metaspace       used 12549K, capacity 12978K, committed 13312K, reserved 1060864K
  class space    used 1618K, capacity 1723K, committed 1792K, reserved 1048576K
}
Event: 37.559 GC heap before
{Heap before GC invocations=13 (full 0):
 PSYoungGen      total 34816K, used 29280K [0x0000000795580000, 0x0000000797e00000, 0x00000007c0000000)
  eden space 29184K, 100% used [0x0000000795580000,0x0000000797200000,0x0000000797200000)
  from space 5632K, 1% used [0x0000000797880000,0x0000000797898000,0x0000000797e00000)
  to   space 6144K, 0% used [0x0000000797200000,0x0000000797200000,0x0000000797800000)
 ParOldGen       total 87552K, used 4461K [0x0000000740000000, 0x0000000745580000, 0x0000000795580000)
  object space 87552K, 5% used [0x0000000740000000,0x000000074045b4b0,0x0000000745580000)
 Metaspace       used 12560K, capacity 12978K, committed 13312K, reserved 1060864K
  class space    used 1618K, capacity 1723K, committed 1792K, reserved 1048576K
Event: 37.560 GC heap after
Heap after GC invocations=13 (full 0):
 PSYoungGen      total 29184K, used 96K [0x0000000795580000, 0x0000000797d80000, 0x00000007c0000000)
  eden space 28672K, 0% used [0x0000000795580000,0x0000000795580000,0x0000000797180000)
  from space 512K, 18% used [0x0000000797200000,0x0000000797218000,0x0000000797280000)
  to   space 6144K, 0% used [0x0000000797780000,0x0000000797780000,0x0000000797d80000)
 ParOldGen       total 87552K, used 4469K [0x0000000740000000, 0x0000000745580000, 0x0000000795580000)
  object space 87552K, 5% used [0x0000000740000000,0x000000074045d4b0,0x0000000745580000)
 Metaspace       used 12560K, capacity 12978K, committed 13312K, reserved 1060864K
  class space    used 1618K, capacity 1723K, committed 1792K, reserved 1048576K
}
Event: 42.415 GC heap before
{Heap before GC invocations=14 (full 0):
 PSYoungGen      total 29184K, used 28768K [0x0000000795580000, 0x0000000797d80000, 0x00000007c0000000)
  eden space 28672K, 100% used [0x0000000795580000,0x0000000797180000,0x0000000797180000)
  from space 512K, 18% used [0x0000000797200000,0x0000000797218000,0x0000000797280000)
  to   space 6144K, 0% used [0x0000000797780000,0x0000000797780000,0x0000000797d80000)
 ParOldGen       total 87552K, used 4469K [0x0000000740000000, 0x0000000745580000, 0x0000000795580000)
  object space 87552K, 5% used [0x0000000740000000,0x000000074045d4b0,0x0000000745580000)
 Metaspace       used 12560K, capacity 12978K, committed 13312K, reserved 1060864K
  class space    used 1618K, capacity 1723K, committed 1792K, reserved 1048576K
Event: 42.415 GC heap after
Heap after GC invocations=14 (full 0):
 PSYoungGen      total 33792K, used 96K [0x0000000795580000, 0x0000000797d00000, 0x00000007c0000000)
  eden space 28160K, 0% used [0x0000000795580000,0x0000000795580000,0x0000000797100000)
  from space 5632K, 1% used [0x0000000797780000,0x0000000797798000,0x0000000797d00000)
  to   space 6144K, 0% used [0x0000000797100000,0x0000000797100000,0x0000000797700000)
 ParOldGen       total 87552K, used 4501K [0x0000000740000000, 0x0000000745580000, 0x0000000795580000)
  object space 87552K, 5% used [0x0000000740000000,0x00000007404654b0,0x0000000745580000)
 Metaspace       used 12560K, capacity 12978K, committed 13312K, reserved 1060864K
  class space    used 1618K, capacity 1723K, committed 1792K, reserved 1048576K
}
Event: 44.973 GC heap before
{Heap before GC invocations=15 (full 0):
 PSYoungGen      total 33792K, used 28256K [0x0000000795580000, 0x0000000797d00000, 0x00000007c0000000)
  eden space 28160K, 100% used [0x0000000795580000,0x0000000797100000,0x0000000797100000)
  from space 5632K, 1% used [0x0000000797780000,0x0000000797798000,0x0000000797d00000)
  to   space 6144K, 0% used [0x0000000797100000,0x0000000797100000,0x0000000797700000)
 ParOldGen       total 87552K, used 4501K [0x0000000740000000, 0x0000000745580000, 0x0000000795580000)
  object space 87552K, 5% used [0x0000000740000000,0x00000007404654b0,0x0000000745580000)
 Metaspace       used 12560K, capacity 12978K, committed 13312K, reserved 1060864K
  class space    used 1618K, capacity 1723K, committed 1792K, reserved 1048576K
Event: 44.974 GC heap after
Heap after GC invocations=15 (full 0):
 PSYoungGen      total 28160K, used 128K [0x0000000795580000, 0x0000000797b80000, 0x00000007c0000000)
  eden space 27648K, 0% used [0x0000000795580000,0x0000000795580000,0x0000000797080000)
  from space 512K, 25% used [0x0000000797100000,0x0000000797120000,0x0000000797180000)
  to   space 5632K, 0% used [0x0000000797600000,0x0000000797600000,0x0000000797b80000)
 ParOldGen       total 87552K, used 4501K [0x0000000740000000, 0x0000000745580000, 0x0000000795580000)
  object space 87552K, 5% used [0x0000000740000000,0x00000007404654b0,0x0000000745580000)
 Metaspace       used 12560K, capacity 12978K, committed 13312K, reserved 1060864K
  class space    used 1618K, capacity 1723K, committed 1792K, reserved 1048576K
}

